Created playlist!
{ body: 
   { collaborative: false,
     description: 'Drop test 1',
     external_urls: { spotify: 'http://open.spotify.com/user/jsrsoccer9715/playlist/5To7ZwdPdFmvUwWdbiaoMV' },
     followers: { href: null, total: 0 },
     href: 'https://api.spotify.com/v1/users/jsrsoccer9715/playlists/5To7ZwdPdFmvUwWdbiaoMV',
     id: '5To7ZwdPdFmvUwWdbiaoMV',
     images: [],
     name: 'DailyDropTest1',
     owner: 
      { external_urls: [Object],
        href: 'https://api.spotify.com/v1/users/jsrsoccer9715',
        id: 'jsrsoccer9715',
        type: 'user',
        uri: 'spotify:user:jsrsoccer9715' },
     public: false,
     snapshot_id: '2m7E1pUc9VK3rIEaSb25u43r2lUXsZPHSP3AFJuBepxl2b5hrj4wV1HcfBuq9lfS',
     tracks: 
      { href: 'https://api.spotify.com/v1/users/jsrsoccer9715/playlists/5To7ZwdPdFmvUwWdbiaoMV/tracks',
        items: [],
        limit: 100,
        next: null,
        offset: 0,
        previous: null,
        total: 0 },
     type: 'playlist',
     uri: 'spotify:user:jsrsoccer9715:playlist:5To7ZwdPdFmvUwWdbiaoMV' },
  headers: 
   { server: 'nginx',
     date: 'Sun, 05 Nov 2017 14:07:36 GMT',
     'content-type': 'application/json; charset=utf-8',
     'transfer-encoding': 'chunked',
     connection: 'close',
     'cache-control': 'private, max-age=0',
     location: 'https://api.spotify.com/v1/users/jsrsoccer9715/playlists/5To7ZwdPdFmvUwWdbiaoMV',
     'access-control-allow-origin': '*',
     'access-control-allow-methods': 'GET, POST, OPTIONS, PUT, DELETE',
     'access-control-allow-credentials': 'true',
     'access-control-max-age': '604800',
     'access-control-allow-headers': 'Accept, Authorization, Origin, Content-Type',
     'content-encoding': 'gzip',
     'x-content-type-options': 'nosniff',
     'strict-transport-security': 'max-age=31536000' },
  statusCode: 201 }